<?xml version="1.0" encoding="UTF-8"?>
<!-- Generated by org.testng.reporters.JUnitReportReporter -->
<testsuite hostname="LAPTOP-G76E8532" failures="0" tests="2" name="testCases.TC002_LoginTest" time="3.596" errors="0" timestamp="2024-12-23T23:49:59 IST" skipped="0">
  <testcase classname="testCases.TC002_LoginTest" name="verify_login" time="1.978"/>
  <testcase classname="testCases.TC002_LoginTest" name="verify_login" time="1.618"/>
</testsuite> <!-- testCases.TC002_LoginTest -->
