<?xml version="1.0" encoding="UTF-8"?>
<!-- Generated by org.testng.reporters.JUnitReportReporter -->
<testsuite hostname="LAPTOP-G76E8532" failures="0" tests="1" name="testCases.AccountRegistrationTest" time="2.537" errors="0" timestamp="2024-11-30T20:42:01 IST" skipped="0">
  <testcase classname="testCases.AccountRegistrationTest" name="verify_account_registration" time="2.537"/>
</testsuite> <!-- testCases.AccountRegistrationTest -->
