<?xml version="1.0" encoding="UTF-8"?>
<!-- Generated by org.testng.reporters.JUnitReportReporter -->
<testsuite hostname="LAPTOP-G76E8532" failures="0" tests="6" name="testCases.TC_003_LoginDDT" time="247.234" errors="0" timestamp="2024-12-21T22:20:23 IST" skipped="0">
  <testcase classname="testCases.TC_003_LoginDDT" name="verify_loginDDT" time="120.823"/>
  <testcase classname="testCases.TC_003_LoginDDT" name="verify_loginDDT" time="1.272"/>
  <testcase classname="testCases.TC_003_LoginDDT" name="verify_loginDDT" time="1.488"/>
  <testcase classname="testCases.TC_003_LoginDDT" name="verify_loginDDT" time="1.240"/>
  <testcase classname="testCases.TC_003_LoginDDT" name="verify_loginDDT" time="120.857"/>
  <testcase classname="testCases.TC_003_LoginDDT" name="verify_loginDDT" time="1.554"/>
</testsuite> <!-- testCases.TC_003_LoginDDT -->
