<?xml version="1.0" encoding="UTF-8"?>
<!-- Generated by org.testng.reporters.JUnitReportReporter -->
<testsuite hostname="LAPTOP-G76E8532" failures="0" tests="2" name="testCases.TC001_AccountRegistrationTest" time="16.373" errors="0" timestamp="2024-12-23T23:49:59 IST" skipped="0">
  <testcase classname="testCases.TC001_AccountRegistrationTest" name="verify_account_registration" time="1.932"/>
  <testcase classname="testCases.TC001_AccountRegistrationTest" name="verify_account_registration" time="14.441"/>
</testsuite> <!-- testCases.TC001_AccountRegistrationTest -->
