<?xml version="1.0" encoding="UTF-8"?>
<!-- Generated by org.testng.reporters.JUnitReportReporter -->
<testsuite hostname="LAPTOP-G76E8532" failures="0" tests="1" name="testCases.TC002_LoginTest" time="0.981" errors="0" timestamp="2024-12-24T02:04:23 IST" skipped="0">
  <testcase classname="testCases.TC002_LoginTest" name="verify_login" time="0.981"/>
</testsuite> <!-- testCases.TC002_LoginTest -->
